06/06/2013 14:59:12 (Std) 	+-+-+-+-+-+-+-+-+-+-+-+-+-+-+-+-+-+-+-+-+-+-+-+-+-+-+-+-+-+-+-+-+-+-+-+-+-+-+-+
06/06/2013 14:59:12 (Std) 	+                     Crazy Eddie's GUI System - Event log                    +
06/06/2013 14:59:12 (Std) 	+                          (http://www.cegui.org.uk/)                         +
06/06/2013 14:59:12 (Std) 	+-+-+-+-+-+-+-+-+-+-+-+-+-+-+-+-+-+-+-+-+-+-+-+-+-+-+-+-+-+-+-+-+-+-+-+-+-+-+-+

06/06/2013 14:59:12 (Std) 	CEGUI::Logger singleton created. (02BCEC40)
06/06/2013 14:59:12 (Std) 	
06/06/2013 14:59:12 (Std) 	********************************************************************************
06/06/2013 14:59:12 (Std) 	* Important:                                                                   *
06/06/2013 14:59:12 (Std) 	*     To get support at the CEGUI forums, you must post _at least_ the section *
06/06/2013 14:59:12 (Std) 	*     of this log file indicated below.  Failure to do this will result in no  *
06/06/2013 14:59:12 (Std) 	*     support being given; please do not waste our time.                       *
06/06/2013 14:59:12 (Std) 	********************************************************************************
06/06/2013 14:59:12 (Std) 	********************************************************************************
06/06/2013 14:59:12 (Std) 	* -------- START OF ESSENTIAL SECTION TO BE POSTED ON THE FORUM       -------- *
06/06/2013 14:59:12 (Std) 	********************************************************************************
06/06/2013 14:59:12 (Std) 	---- Version 0.7.7 (Build: Oct  9 2012 Debug Microsoft Windows MSVC++ 10.0 32 bit) ----
06/06/2013 14:59:12 (Std) 	---- Renderer module is: CEGUI::OgreRenderer - Official OGRE based 2nd generation renderer module. ----
06/06/2013 14:59:12 (Std) 	---- XML Parser module is: CEGUI::ExpatParser - Official expat based parser module for CEGUI ----
06/06/2013 14:59:12 (Std) 	---- Image Codec module is: OgreImageCodec - Integrated ImageCodec using the Ogre engine. ----
06/06/2013 14:59:12 (Std) 	---- Scripting module is: None ----
06/06/2013 14:59:12 (Std) 	********************************************************************************
06/06/2013 14:59:12 (Std) 	* -------- END OF ESSENTIAL SECTION TO BE POSTED ON THE FORUM         -------- *
06/06/2013 14:59:12 (Std) 	********************************************************************************
06/06/2013 14:59:12 (Std) 	
06/06/2013 14:59:12 (Std) 	---- Begining CEGUI System initialisation ----
06/06/2013 14:59:12 (Std) 	CEGUI::ImagesetManager singleton created (02BCEB38)
06/06/2013 14:59:12 (Std) 	CEGUI::FontManager singleton created. (02BD2B08)
06/06/2013 14:59:12 (Std) 	CEGUI::WindowFactoryManager singleton created
06/06/2013 14:59:12 (Std) 	CEGUI::WindowManager singleton created (02BC92B0)
06/06/2013 14:59:12 (Std) 	CEGUI::SchemeManager singleton created. (02BCEDD8)
06/06/2013 14:59:12 (Std) 	CEGUI::MouseCursor singleton created. (02BD2F70)
06/06/2013 14:59:12 (Std) 	CEGUI::GlobalEventSet singleton created. (02B99EB8)
06/06/2013 14:59:12 (Std) 	CEGUI::AnimationManager singleton created (02BC9330)
06/06/2013 14:59:12 (Std) 	CEGUI::WidgetLookManager singleton created. (02B81690)
06/06/2013 14:59:12 (Std) 	CEGUI::WindowRendererManager singleton created (02B817D0)
06/06/2013 14:59:12 (Std) 	CEGUI::RenderEffectManager singleton created (00E99A58)
06/06/2013 14:59:12 (Std) 	Created WindowFactory for 'DefaultWindow' windows.
06/06/2013 14:59:12 (Std) 	WindowFactory for 'DefaultWindow' windows added. (02BCF490)
06/06/2013 14:59:12 (Std) 	Created WindowFactory for 'DragContainer' windows.
06/06/2013 14:59:12 (Std) 	WindowFactory for 'DragContainer' windows added. (02BCF558)
06/06/2013 14:59:12 (Std) 	Created WindowFactory for 'ScrolledContainer' windows.
06/06/2013 14:59:12 (Std) 	WindowFactory for 'ScrolledContainer' windows added. (02BCF620)
06/06/2013 14:59:12 (Std) 	Created WindowFactory for 'ClippedContainer' windows.
06/06/2013 14:59:12 (Std) 	WindowFactory for 'ClippedContainer' windows added. (02BCF6E8)
06/06/2013 14:59:12 (Std) 	Created WindowFactory for 'CEGUI/Checkbox' windows.
06/06/2013 14:59:12 (Std) 	WindowFactory for 'CEGUI/Checkbox' windows added. (02BD5008)
06/06/2013 14:59:12 (Std) 	Created WindowFactory for 'CEGUI/PushButton' windows.
06/06/2013 14:59:12 (Std) 	WindowFactory for 'CEGUI/PushButton' windows added. (02BD50D0)
06/06/2013 14:59:12 (Std) 	Created WindowFactory for 'CEGUI/RadioButton' windows.
06/06/2013 14:59:12 (Std) 	WindowFactory for 'CEGUI/RadioButton' windows added. (02BD5198)
06/06/2013 14:59:12 (Std) 	Created WindowFactory for 'CEGUI/Combobox' windows.
06/06/2013 14:59:12 (Std) 	WindowFactory for 'CEGUI/Combobox' windows added. (02BD5260)
06/06/2013 14:59:12 (Std) 	Created WindowFactory for 'CEGUI/ComboDropList' windows.
06/06/2013 14:59:12 (Std) 	WindowFactory for 'CEGUI/ComboDropList' windows added. (02BD5328)
06/06/2013 14:59:12 (Std) 	Created WindowFactory for 'CEGUI/Editbox' windows.
06/06/2013 14:59:12 (Std) 	WindowFactory for 'CEGUI/Editbox' windows added. (02BD6430)
06/06/2013 14:59:12 (Std) 	Created WindowFactory for 'CEGUI/FrameWindow' windows.
06/06/2013 14:59:12 (Std) 	WindowFactory for 'CEGUI/FrameWindow' windows added. (02BD64F8)
06/06/2013 14:59:12 (Std) 	Created WindowFactory for 'CEGUI/ItemEntry' windows.
06/06/2013 14:59:12 (Std) 	WindowFactory for 'CEGUI/ItemEntry' windows added. (02BD65C0)
06/06/2013 14:59:12 (Std) 	Created WindowFactory for 'CEGUI/Listbox' windows.
06/06/2013 14:59:12 (Std) 	WindowFactory for 'CEGUI/Listbox' windows added. (02BD6688)
06/06/2013 14:59:12 (Std) 	Created WindowFactory for 'CEGUI/ListHeader' windows.
06/06/2013 14:59:12 (Std) 	WindowFactory for 'CEGUI/ListHeader' windows added. (02BD6750)
06/06/2013 14:59:12 (Std) 	Created WindowFactory for 'CEGUI/ListHeaderSegment' windows.
06/06/2013 14:59:12 (Std) 	WindowFactory for 'CEGUI/ListHeaderSegment' windows added. (02BD7820)
06/06/2013 14:59:12 (Std) 	Created WindowFactory for 'CEGUI/Menubar' windows.
06/06/2013 14:59:12 (Std) 	WindowFactory for 'CEGUI/Menubar' windows added. (02BD6838)
06/06/2013 14:59:12 (Std) 	Created WindowFactory for 'CEGUI/PopupMenu' windows.
06/06/2013 14:59:12 (Std) 	WindowFactory for 'CEGUI/PopupMenu' windows added. (02BD6900)
06/06/2013 14:59:12 (Std) 	Created WindowFactory for 'CEGUI/MenuItem' windows.
06/06/2013 14:59:12 (Std) 	WindowFactory for 'CEGUI/MenuItem' windows added. (02BD69C8)
06/06/2013 14:59:12 (Std) 	Created WindowFactory for 'CEGUI/MultiColumnList' windows.
06/06/2013 14:59:12 (Std) 	WindowFactory for 'CEGUI/MultiColumnList' windows added. (02BD6A90)
06/06/2013 14:59:12 (Std) 	Created WindowFactory for 'CEGUI/MultiLineEditbox' windows.
06/06/2013 14:59:12 (Std) 	WindowFactory for 'CEGUI/MultiLineEditbox' windows added. (02BD6B58)
06/06/2013 14:59:12 (Std) 	Created WindowFactory for 'CEGUI/ProgressBar' windows.
06/06/2013 14:59:12 (Std) 	WindowFactory for 'CEGUI/ProgressBar' windows added. (02BD6C20)
06/06/2013 14:59:12 (Std) 	Created WindowFactory for 'CEGUI/ScrollablePane' windows.
06/06/2013 14:59:12 (Std) 	WindowFactory for 'CEGUI/ScrollablePane' windows added. (02BD6CE8)
06/06/2013 14:59:12 (Std) 	Created WindowFactory for 'CEGUI/Scrollbar' windows.
06/06/2013 14:59:12 (Std) 	WindowFactory for 'CEGUI/Scrollbar' windows added. (02BD6DB0)
06/06/2013 14:59:12 (Std) 	Created WindowFactory for 'CEGUI/Slider' windows.
06/06/2013 14:59:12 (Std) 	WindowFactory for 'CEGUI/Slider' windows added. (02BD6E78)
06/06/2013 14:59:12 (Std) 	Created WindowFactory for 'CEGUI/Spinner' windows.
06/06/2013 14:59:12 (Std) 	WindowFactory for 'CEGUI/Spinner' windows added. (02BD6F40)
06/06/2013 14:59:12 (Std) 	Created WindowFactory for 'CEGUI/TabButton' windows.
06/06/2013 14:59:12 (Std) 	WindowFactory for 'CEGUI/TabButton' windows added. (02BD7008)
06/06/2013 14:59:12 (Std) 	Created WindowFactory for 'CEGUI/TabControl' windows.
06/06/2013 14:59:12 (Std) 	WindowFactory for 'CEGUI/TabControl' windows added. (02BD70D0)
06/06/2013 14:59:12 (Std) 	Created WindowFactory for 'CEGUI/Thumb' windows.
06/06/2013 14:59:12 (Std) 	WindowFactory for 'CEGUI/Thumb' windows added. (02BD7198)
06/06/2013 14:59:12 (Std) 	Created WindowFactory for 'CEGUI/Titlebar' windows.
06/06/2013 14:59:12 (Std) 	WindowFactory for 'CEGUI/Titlebar' windows added. (02BD7328)
06/06/2013 14:59:12 (Std) 	Created WindowFactory for 'CEGUI/Tooltip' windows.
06/06/2013 14:59:12 (Std) 	WindowFactory for 'CEGUI/Tooltip' windows added. (02BD7260)
06/06/2013 14:59:12 (Std) 	Created WindowFactory for 'CEGUI/ItemListbox' windows.
06/06/2013 14:59:12 (Std) 	WindowFactory for 'CEGUI/ItemListbox' windows added. (02BD73F0)
06/06/2013 14:59:12 (Std) 	Created WindowFactory for 'CEGUI/GroupBox' windows.
06/06/2013 14:59:12 (Std) 	WindowFactory for 'CEGUI/GroupBox' windows added. (02BD74B8)
06/06/2013 14:59:12 (Std) 	Created WindowFactory for 'CEGUI/Tree' windows.
06/06/2013 14:59:12 (Std) 	WindowFactory for 'CEGUI/Tree' windows added. (02BD7580)
06/06/2013 14:59:12 (Std) 	Created WindowFactory for 'HorizontalLayoutContainer' windows.
06/06/2013 14:59:12 (Std) 	WindowFactory for 'HorizontalLayoutContainer' windows added. (02BD7710)
06/06/2013 14:59:12 (Std) 	Created WindowFactory for 'VerticalLayoutContainer' windows.
06/06/2013 14:59:12 (Std) 	WindowFactory for 'VerticalLayoutContainer' windows added. (02BD7648)
06/06/2013 14:59:12 (Std) 	Created WindowFactory for 'GridLayoutContainer' windows.
06/06/2013 14:59:12 (Std) 	WindowFactory for 'GridLayoutContainer' windows added. (02BD9EC0)
06/06/2013 14:59:12 (Std) 	Window type alias named 'DefaultGUISheet' added for window type 'DefaultWindow'.
06/06/2013 14:59:12 (Std) 	CEGUI::System singleton created. (02BCE7C8)
06/06/2013 14:59:12 (Std) 	---- CEGUI System initialisation completed ----
06/06/2013 14:59:12 (Std) 	
06/06/2013 14:59:12 (Std) 	Started creation of Scheme from XML specification:
06/06/2013 14:59:12 (Std) 	---- CEGUI GUIScheme name: TaharezLook
06/06/2013 14:59:12 (Std) 	Started creation of Imageset from XML specification:
06/06/2013 14:59:12 (Std) 	---- CEGUI Imageset name: TaharezLook
06/06/2013 14:59:12 (Std) 	---- Source texture file: TaharezLook.tga in resource group: (Default)
06/06/2013 14:59:13 (Std) 	Started creation of Font from XML specification:
06/06/2013 14:59:13 (Std) 	---- CEGUI font name: DejaVuSans-10
06/06/2013 14:59:13 (Std) 	----       Font type: FreeType
06/06/2013 14:59:13 (Std) 	----     Source file: DejaVuSans.ttf in resource group: (Default)
06/06/2013 14:59:13 (Std) 	---- Real point size: 10
06/06/2013 14:59:13 (Std) 	===== Falagard 'root' element: look and feel parsing begins =====
06/06/2013 14:59:14 (Std) 	===== Look and feel parsing completed =====
06/06/2013 14:59:14 (Std) 	No window renderer factories specified for module 'CEGUIFalagardWRBase' - adding all available factories...
06/06/2013 14:59:14 (Std) 	Created WindowRendererFactory for 'Falagard/Button' WindowRenderers.
06/06/2013 14:59:14 (Std) 	WindowRendererFactory 'Falagard/Button' added. (02BDA500)
06/06/2013 14:59:14 (Std) 	Created WindowRendererFactory for 'Falagard/Default' WindowRenderers.
06/06/2013 14:59:14 (Std) 	WindowRendererFactory 'Falagard/Default' added. (02BDAB40)
06/06/2013 14:59:14 (Std) 	Created WindowRendererFactory for 'Falagard/Editbox' WindowRenderers.
06/06/2013 14:59:14 (Std) 	WindowRendererFactory 'Falagard/Editbox' added. (02BDAA78)
06/06/2013 14:59:14 (Std) 	Created WindowRendererFactory for 'Falagard/FrameWindow' WindowRenderers.
06/06/2013 14:59:14 (Std) 	WindowRendererFactory 'Falagard/FrameWindow' added. (02BDAC08)
06/06/2013 14:59:14 (Std) 	Created WindowRendererFactory for 'Falagard/ItemEntry' WindowRenderers.
06/06/2013 14:59:14 (Std) 	WindowRendererFactory 'Falagard/ItemEntry' added. (02BDACD0)
06/06/2013 14:59:14 (Std) 	Created WindowRendererFactory for 'Falagard/ListHeader' WindowRenderers.
06/06/2013 14:59:14 (Std) 	WindowRendererFactory 'Falagard/ListHeader' added. (02BDAD98)
06/06/2013 14:59:14 (Std) 	Created WindowRendererFactory for 'Falagard/ListHeaderSegment' WindowRenderers.
06/06/2013 14:59:14 (Std) 	WindowRendererFactory 'Falagard/ListHeaderSegment' added. (069B44D0)
06/06/2013 14:59:14 (Std) 	Created WindowRendererFactory for 'Falagard/Listbox' WindowRenderers.
06/06/2013 14:59:14 (Std) 	WindowRendererFactory 'Falagard/Listbox' added. (069B4598)
06/06/2013 14:59:14 (Std) 	Created WindowRendererFactory for 'Falagard/Menubar' WindowRenderers.
06/06/2013 14:59:14 (Std) 	WindowRendererFactory 'Falagard/Menubar' added. (069B4660)
06/06/2013 14:59:14 (Std) 	Created WindowRendererFactory for 'Falagard/MenuItem' WindowRenderers.
06/06/2013 14:59:14 (Std) 	WindowRendererFactory 'Falagard/MenuItem' added. (069B4728)
06/06/2013 14:59:14 (Std) 	Created WindowRendererFactory for 'Falagard/MultiColumnList' WindowRenderers.
06/06/2013 14:59:14 (Std) 	WindowRendererFactory 'Falagard/MultiColumnList' added. (069B47F0)
06/06/2013 14:59:14 (Std) 	Created WindowRendererFactory for 'Falagard/MultiLineEditbox' WindowRenderers.
06/06/2013 14:59:14 (Std) 	WindowRendererFactory 'Falagard/MultiLineEditbox' added. (069B48B8)
06/06/2013 14:59:14 (Std) 	Created WindowRendererFactory for 'Falagard/PopupMenu' WindowRenderers.
06/06/2013 14:59:14 (Std) 	WindowRendererFactory 'Falagard/PopupMenu' added. (069B4980)
06/06/2013 14:59:14 (Std) 	Created WindowRendererFactory for 'Falagard/ProgressBar' WindowRenderers.
06/06/2013 14:59:14 (Std) 	WindowRendererFactory 'Falagard/ProgressBar' added. (069B4A48)
06/06/2013 14:59:14 (Std) 	Created WindowRendererFactory for 'Falagard/ScrollablePane' WindowRenderers.
06/06/2013 14:59:14 (Std) 	WindowRendererFactory 'Falagard/ScrollablePane' added. (069B4B10)
06/06/2013 14:59:14 (Std) 	Created WindowRendererFactory for 'Falagard/Scrollbar' WindowRenderers.
06/06/2013 14:59:14 (Std) 	WindowRendererFactory 'Falagard/Scrollbar' added. (069B4BD8)
06/06/2013 14:59:14 (Std) 	Created WindowRendererFactory for 'Falagard/Slider' WindowRenderers.
06/06/2013 14:59:14 (Std) 	WindowRendererFactory 'Falagard/Slider' added. (069B4CA0)
06/06/2013 14:59:14 (Std) 	Created WindowRendererFactory for 'Falagard/Static' WindowRenderers.
06/06/2013 14:59:14 (Std) 	WindowRendererFactory 'Falagard/Static' added. (069B4E30)
06/06/2013 14:59:14 (Std) 	Created WindowRendererFactory for 'Falagard/StaticImage' WindowRenderers.
06/06/2013 14:59:14 (Std) 	WindowRendererFactory 'Falagard/StaticImage' added. (069B4EF8)
06/06/2013 14:59:14 (Std) 	Created WindowRendererFactory for 'Falagard/StaticText' WindowRenderers.
06/06/2013 14:59:14 (Std) 	WindowRendererFactory 'Falagard/StaticText' added. (069B4D68)
06/06/2013 14:59:14 (Std) 	Created WindowRendererFactory for 'Falagard/SystemButton' WindowRenderers.
06/06/2013 14:59:14 (Std) 	WindowRendererFactory 'Falagard/SystemButton' added. (069B4FC0)
06/06/2013 14:59:14 (Std) 	Created WindowRendererFactory for 'Falagard/TabButton' WindowRenderers.
06/06/2013 14:59:14 (Std) 	WindowRendererFactory 'Falagard/TabButton' added. (069B5088)
06/06/2013 14:59:14 (Std) 	Created WindowRendererFactory for 'Falagard/TabControl' WindowRenderers.
06/06/2013 14:59:14 (Std) 	WindowRendererFactory 'Falagard/TabControl' added. (069B5150)
06/06/2013 14:59:14 (Std) 	Created WindowRendererFactory for 'Falagard/Titlebar' WindowRenderers.
06/06/2013 14:59:14 (Std) 	WindowRendererFactory 'Falagard/Titlebar' added. (069B5218)
06/06/2013 14:59:14 (Std) 	Created WindowRendererFactory for 'Falagard/ToggleButton' WindowRenderers.
06/06/2013 14:59:14 (Std) 	WindowRendererFactory 'Falagard/ToggleButton' added. (069B52E0)
06/06/2013 14:59:14 (Std) 	Created WindowRendererFactory for 'Falagard/Tooltip' WindowRenderers.
06/06/2013 14:59:14 (Std) 	WindowRendererFactory 'Falagard/Tooltip' added. (069B53A8)
06/06/2013 14:59:14 (Std) 	Created WindowRendererFactory for 'Falagard/ItemListbox' WindowRenderers.
06/06/2013 14:59:14 (Std) 	WindowRendererFactory 'Falagard/ItemListbox' added. (069B5470)
06/06/2013 14:59:14 (Std) 	Created WindowRendererFactory for 'Falagard/Tree' WindowRenderers.
06/06/2013 14:59:14 (Std) 	WindowRendererFactory 'Falagard/Tree' added. (069B5538)
06/06/2013 14:59:14 (Std) 	Creating falagard mapping for type 'TaharezLook/Button' using base type 'CEGUI/PushButton', window renderer 'Falagard/Button' Look'N'Feel 'TaharezLook/Button' and RenderEffect ''. (0019C270)
06/06/2013 14:59:14 (Std) 	Creating falagard mapping for type 'TaharezLook/Checkbox' using base type 'CEGUI/Checkbox', window renderer 'Falagard/ToggleButton' Look'N'Feel 'TaharezLook/Checkbox' and RenderEffect ''. (0019C270)
06/06/2013 14:59:14 (Std) 	Creating falagard mapping for type 'TaharezLook/ImageButton' using base type 'CEGUI/PushButton', window renderer 'Falagard/Button' Look'N'Feel 'TaharezLook/ImageButton' and RenderEffect ''. (0019C270)
06/06/2013 14:59:14 (Std) 	Creating falagard mapping for type 'TaharezLook/RadioButton' using base type 'CEGUI/RadioButton', window renderer 'Falagard/ToggleButton' Look'N'Feel 'TaharezLook/RadioButton' and RenderEffect ''. (0019C270)
06/06/2013 14:59:14 (Std) 	Creating falagard mapping for type 'TaharezLook/FrameWindow' using base type 'CEGUI/FrameWindow', window renderer 'Falagard/FrameWindow' Look'N'Feel 'TaharezLook/FrameWindow' and RenderEffect ''. (0019C270)
06/06/2013 14:59:14 (Std) 	Creating falagard mapping for type 'TaharezLook/Titlebar' using base type 'CEGUI/Titlebar', window renderer 'Falagard/Titlebar' Look'N'Feel 'TaharezLook/Titlebar' and RenderEffect ''. (0019C270)
06/06/2013 14:59:14 (Std) 	Creating falagard mapping for type 'TaharezLook/SystemButton' using base type 'CEGUI/PushButton', window renderer 'Falagard/Button' Look'N'Feel 'TaharezLook/Button' and RenderEffect ''. (0019C270)
06/06/2013 14:59:14 (Std) 	Creating falagard mapping for type 'TaharezLook/Editbox' using base type 'CEGUI/Editbox', window renderer 'Falagard/Editbox' Look'N'Feel 'TaharezLook/Editbox' and RenderEffect ''. (0019C270)
06/06/2013 14:59:14 (Std) 	Creating falagard mapping for type 'TaharezLook/MultiLineEditbox' using base type 'CEGUI/MultiLineEditbox', window renderer 'Falagard/MultiLineEditbox' Look'N'Feel 'TaharezLook/MultiLineEditbox' and RenderEffect ''. (0019C270)
06/06/2013 14:59:14 (Std) 	Creating falagard mapping for type 'TaharezLook/Menubar' using base type 'CEGUI/Menubar', window renderer 'Falagard/Menubar' Look'N'Feel 'TaharezLook/Menubar' and RenderEffect ''. (0019C270)
06/06/2013 14:59:14 (Std) 	Creating falagard mapping for type 'TaharezLook/PopupMenu' using base type 'CEGUI/PopupMenu', window renderer 'Falagard/PopupMenu' Look'N'Feel 'TaharezLook/PopupMenu' and RenderEffect ''. (0019C270)
06/06/2013 14:59:14 (Std) 	Creating falagard mapping for type 'TaharezLook/MenuItem' using base type 'CEGUI/MenuItem', window renderer 'Falagard/MenuItem' Look'N'Feel 'TaharezLook/MenuItem' and RenderEffect ''. (0019C270)
06/06/2013 14:59:14 (Std) 	Creating falagard mapping for type 'TaharezLook/AlternateProgressBar' using base type 'CEGUI/ProgressBar', window renderer 'Falagard/ProgressBar' Look'N'Feel 'TaharezLook/AltProgressBar' and RenderEffect ''. (0019C270)
06/06/2013 14:59:14 (Std) 	Creating falagard mapping for type 'TaharezLook/ProgressBar' using base type 'CEGUI/ProgressBar', window renderer 'Falagard/ProgressBar' Look'N'Feel 'TaharezLook/ProgressBar' and RenderEffect ''. (0019C270)
06/06/2013 14:59:14 (Std) 	Creating falagard mapping for type 'TaharezLook/VUMeter' using base type 'CEGUI/ProgressBar', window renderer 'Falagard/ProgressBar' Look'N'Feel 'TaharezLook/VUMeter' and RenderEffect ''. (0019C270)
06/06/2013 14:59:14 (Std) 	Creating falagard mapping for type 'TaharezLook/VerticalScrollbar' using base type 'CEGUI/Scrollbar', window renderer 'Falagard/Scrollbar' Look'N'Feel 'TaharezLook/VerticalScrollbar' and RenderEffect ''. (0019C270)
06/06/2013 14:59:14 (Std) 	Creating falagard mapping for type 'TaharezLook/HorizontalScrollbar' using base type 'CEGUI/Scrollbar', window renderer 'Falagard/Scrollbar' Look'N'Feel 'TaharezLook/HorizontalScrollbar' and RenderEffect ''. (0019C270)
06/06/2013 14:59:14 (Std) 	Creating falagard mapping for type 'TaharezLook/VerticalScrollbarThumb' using base type 'CEGUI/Thumb', window renderer 'Falagard/Button' Look'N'Feel 'TaharezLook/VerticalScrollbarThumb' and RenderEffect ''. (0019C270)
06/06/2013 14:59:14 (Std) 	Creating falagard mapping for type 'TaharezLook/HorizontalScrollbarThumb' using base type 'CEGUI/Thumb', window renderer 'Falagard/Button' Look'N'Feel 'TaharezLook/HorizontalScrollbarThumb' and RenderEffect ''. (0019C270)
06/06/2013 14:59:14 (Std) 	Creating falagard mapping for type 'TaharezLook/LargeVerticalScrollbar' using base type 'CEGUI/Scrollbar', window renderer 'Falagard/Scrollbar' Look'N'Feel 'TaharezLook/LargeVerticalScrollbar' and RenderEffect ''. (0019C270)
06/06/2013 14:59:14 (Std) 	Creating falagard mapping for type 'TaharezLook/LargeVerticalScrollbarThumb' using base type 'CEGUI/Thumb', window renderer 'Falagard/Button' Look'N'Feel 'TaharezLook/LargeVerticalScrollbarThumb' and RenderEffect ''. (0019C270)
06/06/2013 14:59:14 (Std) 	Creating falagard mapping for type 'TaharezLook/TabButton' using base type 'CEGUI/TabButton', window renderer 'Falagard/TabButton' Look'N'Feel 'TaharezLook/TabButton' and RenderEffect ''. (0019C270)
06/06/2013 14:59:14 (Std) 	Creating falagard mapping for type 'TaharezLook/TabControl' using base type 'CEGUI/TabControl', window renderer 'Falagard/TabControl' Look'N'Feel 'TaharezLook/TabControl' and RenderEffect ''. (0019C270)
06/06/2013 14:59:14 (Std) 	Creating falagard mapping for type 'TaharezLook/TabContentPane' using base type 'DefaultWindow', window renderer 'Falagard/Default' Look'N'Feel 'TaharezLook/TabContentPane' and RenderEffect ''. (0019C270)
06/06/2013 14:59:14 (Std) 	Creating falagard mapping for type 'TaharezLook/TabButtonPane' using base type 'DefaultWindow', window renderer 'Falagard/Default' Look'N'Feel 'TaharezLook/TabButtonPane' and RenderEffect ''. (0019C270)
06/06/2013 14:59:14 (Std) 	Creating falagard mapping for type 'TaharezLook/ComboDropList' using base type 'CEGUI/ComboDropList', window renderer 'Falagard/Listbox' Look'N'Feel 'TaharezLook/ComboDropList' and RenderEffect ''. (0019C270)
06/06/2013 14:59:14 (Std) 	Creating falagard mapping for type 'TaharezLook/ComboEditbox' using base type 'CEGUI/Editbox', window renderer 'Falagard/Editbox' Look'N'Feel 'TaharezLook/ComboEditbox' and RenderEffect ''. (0019C270)
06/06/2013 14:59:14 (Std) 	Creating falagard mapping for type 'TaharezLook/Combobox' using base type 'CEGUI/Combobox', window renderer 'Falagard/Default' Look'N'Feel 'TaharezLook/Combobox' and RenderEffect ''. (0019C270)
06/06/2013 14:59:14 (Std) 	Creating falagard mapping for type 'TaharezLook/Listbox' using base type 'CEGUI/Listbox', window renderer 'Falagard/Listbox' Look'N'Feel 'TaharezLook/Listbox' and RenderEffect ''. (0019C270)
06/06/2013 14:59:14 (Std) 	Creating falagard mapping for type 'TaharezLook/ListHeader' using base type 'CEGUI/ListHeader', window renderer 'Falagard/ListHeader' Look'N'Feel 'TaharezLook/ListHeader' and RenderEffect ''. (0019C270)
06/06/2013 14:59:14 (Std) 	Creating falagard mapping for type 'TaharezLook/ListHeaderSegment' using base type 'CEGUI/ListHeaderSegment', window renderer 'Falagard/ListHeaderSegment' Look'N'Feel 'TaharezLook/ListHeaderSegment' and RenderEffect ''. (0019C270)
06/06/2013 14:59:14 (Std) 	Creating falagard mapping for type 'TaharezLook/MultiColumnList' using base type 'CEGUI/MultiColumnList', window renderer 'Falagard/MultiColumnList' Look'N'Feel 'TaharezLook/MultiColumnList' and RenderEffect ''. (0019C270)
06/06/2013 14:59:14 (Std) 	Creating falagard mapping for type 'TaharezLook/Slider' using base type 'CEGUI/Slider', window renderer 'Falagard/Slider' Look'N'Feel 'TaharezLook/Slider' and RenderEffect ''. (0019C270)
06/06/2013 14:59:14 (Std) 	Creating falagard mapping for type 'TaharezLook/SliderThumb' using base type 'CEGUI/Thumb', window renderer 'Falagard/Button' Look'N'Feel 'TaharezLook/SliderThumb' and RenderEffect ''. (0019C270)
06/06/2013 14:59:14 (Std) 	Creating falagard mapping for type 'TaharezLook/ScrollablePane' using base type 'CEGUI/ScrollablePane', window renderer 'Falagard/ScrollablePane' Look'N'Feel 'TaharezLook/ScrollablePane' and RenderEffect ''. (0019C270)
06/06/2013 14:59:14 (Std) 	Creating falagard mapping for type 'TaharezLook/Spinner' using base type 'CEGUI/Spinner', window renderer 'Falagard/Default' Look'N'Feel 'TaharezLook/Spinner' and RenderEffect ''. (0019C270)
06/06/2013 14:59:14 (Std) 	Creating falagard mapping for type 'TaharezLook/Tooltip' using base type 'CEGUI/Tooltip', window renderer 'Falagard/Tooltip' Look'N'Feel 'TaharezLook/Tooltip' and RenderEffect ''. (0019C270)
06/06/2013 14:59:14 (Std) 	Creating falagard mapping for type 'TaharezLook/StaticImage' using base type 'DefaultWindow', window renderer 'Falagard/StaticImage' Look'N'Feel 'TaharezLook/StaticImage' and RenderEffect ''. (0019C270)
06/06/2013 14:59:14 (Std) 	Creating falagard mapping for type 'TaharezLook/StaticText' using base type 'DefaultWindow', window renderer 'Falagard/StaticText' Look'N'Feel 'TaharezLook/StaticText' and RenderEffect ''. (0019C270)
06/06/2013 14:59:14 (Std) 	Creating falagard mapping for type 'TaharezLook/ItemListbox' using base type 'CEGUI/ItemListbox', window renderer 'Falagard/ItemListbox' Look'N'Feel 'TaharezLook/ItemListbox' and RenderEffect ''. (0019C270)
06/06/2013 14:59:14 (Std) 	Creating falagard mapping for type 'TaharezLook/ListboxItem' using base type 'CEGUI/ItemEntry', window renderer 'Falagard/ItemEntry' Look'N'Feel 'TaharezLook/ListboxItem' and RenderEffect ''. (0019C270)
06/06/2013 14:59:14 (Std) 	Creating falagard mapping for type 'TaharezLook/GroupBox' using base type 'CEGUI/GroupBox', window renderer 'Falagard/Default' Look'N'Feel 'TaharezLook/GroupBox' and RenderEffect ''. (0019C270)
06/06/2013 14:59:14 (Std) 	Creating falagard mapping for type 'TaharezLook/Tree' using base type 'CEGUI/Tree', window renderer 'Falagard/Tree' Look'N'Feel 'TaharezLook/Tree' and RenderEffect ''. (0019C270)
06/06/2013 14:59:14 (Std) 	Attempting to create FreeType font 'TaharezLook' using font file 'DejaVuSans.ttf'.
06/06/2013 14:59:14 (Std) 	Attempting to create Imageset 'imagesets' using image file 'jiemian.jpg'.
06/06/2013 14:59:25 (Std) 	Attempting to create Imageset 'TaharezLook_auto_glyph_images_ ' with texture only.
06/06/2013 14:59:33 (Std) 	Attempting to create Imageset 'imagesets' using image file 'jiemian2.jpg'.
