D:\360DATA\重要数据\我的文档\VISUAL STUDIO 2010\PROJECTS\BTOOOM\BTOOOM\DEBUG\BOMB.OBJ
D:\360DATA\重要数据\我的文档\VISUAL STUDIO 2010\PROJECTS\BTOOOM\BTOOOM\DEBUG\BOMBMANAGER.OBJ
D:\360DATA\重要数据\我的文档\VISUAL STUDIO 2010\PROJECTS\BTOOOM\BTOOOM\DEBUG\BONUS.OBJ
D:\360DATA\重要数据\我的文档\VISUAL STUDIO 2010\PROJECTS\BTOOOM\BTOOOM\DEBUG\BTOOOM.EXE.EMBED.MANIFEST
D:\360DATA\重要数据\我的文档\VISUAL STUDIO 2010\PROJECTS\BTOOOM\BTOOOM\DEBUG\BTOOOM.EXE.EMBED.MANIFEST.RES
D:\360DATA\重要数据\我的文档\VISUAL STUDIO 2010\PROJECTS\BTOOOM\BTOOOM\DEBUG\BTOOOM.EXE.INTERMEDIATE.MANIFEST
D:\360data\重要数据\我的文档\Visual Studio 2010\Projects\btooom\btooom\Debug\btooom_manifest.rc
D:\360DATA\重要数据\我的文档\VISUAL STUDIO 2010\PROJECTS\BTOOOM\BTOOOM\DEBUG\BTOOOMAPPLICATION.OBJ
D:\360DATA\重要数据\我的文档\VISUAL STUDIO 2010\PROJECTS\BTOOOM\BTOOOM\DEBUG\BTOOOMFRAMELISTENER.OBJ
D:\360DATA\重要数据\我的文档\VISUAL STUDIO 2010\PROJECTS\BTOOOM\BTOOOM\DEBUG\BTOOOMINTERFACE.OBJ
D:\360DATA\重要数据\我的文档\VISUAL STUDIO 2010\PROJECTS\BTOOOM\BTOOOM\DEBUG\BTOOOMMANAGER.OBJ
D:\360DATA\重要数据\我的文档\VISUAL STUDIO 2010\PROJECTS\BTOOOM\BTOOOM\DEBUG\CHARACTER.OBJ
D:\360data\重要数据\我的文档\Visual Studio 2010\Projects\btooom\btooom\Debug\cl.command.1.tlog
D:\360data\重要数据\我的文档\Visual Studio 2010\Projects\btooom\btooom\Debug\CL.read.1.tlog
D:\360data\重要数据\我的文档\Visual Studio 2010\Projects\btooom\btooom\Debug\CL.write.1.tlog
D:\360DATA\重要数据\我的文档\VISUAL STUDIO 2010\PROJECTS\BTOOOM\BTOOOM\DEBUG\COLLISIONSBOX.OBJ
D:\360DATA\重要数据\我的文档\VISUAL STUDIO 2010\PROJECTS\BTOOOM\BTOOOM\DEBUG\ENEMY.OBJ
D:\360data\重要数据\我的文档\Visual Studio 2010\Projects\btooom\btooom\Debug\link.1004.read.1.tlog
D:\360data\重要数据\我的文档\Visual Studio 2010\Projects\btooom\btooom\Debug\link.1004.write.1.tlog
D:\360data\重要数据\我的文档\Visual Studio 2010\Projects\btooom\btooom\Debug\link.1004-cvtres.read.1.tlog
D:\360data\重要数据\我的文档\Visual Studio 2010\Projects\btooom\btooom\Debug\link.1004-cvtres.write.1.tlog
D:\360data\重要数据\我的文档\Visual Studio 2010\Projects\btooom\btooom\Debug\link.10304.read.1.tlog
D:\360data\重要数据\我的文档\Visual Studio 2010\Projects\btooom\btooom\Debug\link.10304.write.1.tlog
D:\360data\重要数据\我的文档\Visual Studio 2010\Projects\btooom\btooom\Debug\link.10304-cvtres.read.1.tlog
D:\360data\重要数据\我的文档\Visual Studio 2010\Projects\btooom\btooom\Debug\link.10304-cvtres.write.1.tlog
D:\360data\重要数据\我的文档\Visual Studio 2010\Projects\btooom\btooom\Debug\link.1056.read.1.tlog
D:\360data\重要数据\我的文档\Visual Studio 2010\Projects\btooom\btooom\Debug\link.1056.write.1.tlog
D:\360data\重要数据\我的文档\Visual Studio 2010\Projects\btooom\btooom\Debug\link.1056-cvtres.read.1.tlog
D:\360data\重要数据\我的文档\Visual Studio 2010\Projects\btooom\btooom\Debug\link.1056-cvtres.write.1.tlog
D:\360data\重要数据\我的文档\Visual Studio 2010\Projects\btooom\btooom\Debug\link.11704.read.1.tlog
D:\360data\重要数据\我的文档\Visual Studio 2010\Projects\btooom\btooom\Debug\link.11704.write.1.tlog
D:\360data\重要数据\我的文档\Visual Studio 2010\Projects\btooom\btooom\Debug\link.11704-cvtres.read.1.tlog
D:\360data\重要数据\我的文档\Visual Studio 2010\Projects\btooom\btooom\Debug\link.11704-cvtres.write.1.tlog
D:\360data\重要数据\我的文档\Visual Studio 2010\Projects\btooom\btooom\Debug\link.11760.read.1.tlog
D:\360data\重要数据\我的文档\Visual Studio 2010\Projects\btooom\btooom\Debug\link.11760.write.1.tlog
D:\360data\重要数据\我的文档\Visual Studio 2010\Projects\btooom\btooom\Debug\link.11760-cvtres.read.1.tlog
D:\360data\重要数据\我的文档\Visual Studio 2010\Projects\btooom\btooom\Debug\link.11760-cvtres.write.1.tlog
D:\360data\重要数据\我的文档\Visual Studio 2010\Projects\btooom\btooom\Debug\link.1200.read.1.tlog
D:\360data\重要数据\我的文档\Visual Studio 2010\Projects\btooom\btooom\Debug\link.1200.write.1.tlog
D:\360data\重要数据\我的文档\Visual Studio 2010\Projects\btooom\btooom\Debug\link.1200-cvtres.read.1.tlog
D:\360data\重要数据\我的文档\Visual Studio 2010\Projects\btooom\btooom\Debug\link.1200-cvtres.write.1.tlog
D:\360data\重要数据\我的文档\Visual Studio 2010\Projects\btooom\btooom\Debug\link.1416.read.1.tlog
D:\360data\重要数据\我的文档\Visual Studio 2010\Projects\btooom\btooom\Debug\link.1416.write.1.tlog
D:\360data\重要数据\我的文档\Visual Studio 2010\Projects\btooom\btooom\Debug\link.1416-cvtres.read.1.tlog
D:\360data\重要数据\我的文档\Visual Studio 2010\Projects\btooom\btooom\Debug\link.1416-cvtres.write.1.tlog
D:\360data\重要数据\我的文档\Visual Studio 2010\Projects\btooom\btooom\Debug\link.2216.read.1.tlog
D:\360data\重要数据\我的文档\Visual Studio 2010\Projects\btooom\btooom\Debug\link.2216.write.1.tlog
D:\360data\重要数据\我的文档\Visual Studio 2010\Projects\btooom\btooom\Debug\link.2216-cvtres.read.1.tlog
D:\360data\重要数据\我的文档\Visual Studio 2010\Projects\btooom\btooom\Debug\link.2216-cvtres.write.1.tlog
D:\360data\重要数据\我的文档\Visual Studio 2010\Projects\btooom\btooom\Debug\link.308.read.1.tlog
D:\360data\重要数据\我的文档\Visual Studio 2010\Projects\btooom\btooom\Debug\link.308.write.1.tlog
D:\360data\重要数据\我的文档\Visual Studio 2010\Projects\btooom\btooom\Debug\link.308-cvtres.read.1.tlog
D:\360data\重要数据\我的文档\Visual Studio 2010\Projects\btooom\btooom\Debug\link.308-cvtres.write.1.tlog
D:\360data\重要数据\我的文档\Visual Studio 2010\Projects\btooom\btooom\Debug\link.3564.read.1.tlog
D:\360data\重要数据\我的文档\Visual Studio 2010\Projects\btooom\btooom\Debug\link.3564.write.1.tlog
D:\360data\重要数据\我的文档\Visual Studio 2010\Projects\btooom\btooom\Debug\link.3564-cvtres.read.1.tlog
D:\360data\重要数据\我的文档\Visual Studio 2010\Projects\btooom\btooom\Debug\link.3564-cvtres.write.1.tlog
D:\360data\重要数据\我的文档\Visual Studio 2010\Projects\btooom\btooom\Debug\link.3740.read.1.tlog
D:\360data\重要数据\我的文档\Visual Studio 2010\Projects\btooom\btooom\Debug\link.3740.write.1.tlog
D:\360data\重要数据\我的文档\Visual Studio 2010\Projects\btooom\btooom\Debug\link.3740-cvtres.read.1.tlog
D:\360data\重要数据\我的文档\Visual Studio 2010\Projects\btooom\btooom\Debug\link.3740-cvtres.write.1.tlog
D:\360data\重要数据\我的文档\Visual Studio 2010\Projects\btooom\btooom\Debug\link.4068.read.1.tlog
D:\360data\重要数据\我的文档\Visual Studio 2010\Projects\btooom\btooom\Debug\link.4068.write.1.tlog
D:\360data\重要数据\我的文档\Visual Studio 2010\Projects\btooom\btooom\Debug\link.4068-cvtres.read.1.tlog
D:\360data\重要数据\我的文档\Visual Studio 2010\Projects\btooom\btooom\Debug\link.4068-cvtres.write.1.tlog
D:\360data\重要数据\我的文档\Visual Studio 2010\Projects\btooom\btooom\Debug\link.4240.read.1.tlog
D:\360data\重要数据\我的文档\Visual Studio 2010\Projects\btooom\btooom\Debug\link.4240.write.1.tlog
D:\360data\重要数据\我的文档\Visual Studio 2010\Projects\btooom\btooom\Debug\link.4240-cvtres.read.1.tlog
D:\360data\重要数据\我的文档\Visual Studio 2010\Projects\btooom\btooom\Debug\link.4240-cvtres.write.1.tlog
D:\360data\重要数据\我的文档\Visual Studio 2010\Projects\btooom\btooom\Debug\link.4508.read.1.tlog
D:\360data\重要数据\我的文档\Visual Studio 2010\Projects\btooom\btooom\Debug\link.4508.write.1.tlog
D:\360data\重要数据\我的文档\Visual Studio 2010\Projects\btooom\btooom\Debug\link.4508-cvtres.read.1.tlog
D:\360data\重要数据\我的文档\Visual Studio 2010\Projects\btooom\btooom\Debug\link.4508-cvtres.write.1.tlog
D:\360data\重要数据\我的文档\Visual Studio 2010\Projects\btooom\btooom\Debug\link.4532.read.1.tlog
D:\360data\重要数据\我的文档\Visual Studio 2010\Projects\btooom\btooom\Debug\link.4532.write.1.tlog
D:\360data\重要数据\我的文档\Visual Studio 2010\Projects\btooom\btooom\Debug\link.4532-cvtres.read.1.tlog
D:\360data\重要数据\我的文档\Visual Studio 2010\Projects\btooom\btooom\Debug\link.4532-cvtres.write.1.tlog
D:\360data\重要数据\我的文档\Visual Studio 2010\Projects\btooom\btooom\Debug\link.4576.read.1.tlog
D:\360data\重要数据\我的文档\Visual Studio 2010\Projects\btooom\btooom\Debug\link.4576.write.1.tlog
D:\360data\重要数据\我的文档\Visual Studio 2010\Projects\btooom\btooom\Debug\link.4576-cvtres.read.1.tlog
D:\360data\重要数据\我的文档\Visual Studio 2010\Projects\btooom\btooom\Debug\link.4576-cvtres.write.1.tlog
D:\360data\重要数据\我的文档\Visual Studio 2010\Projects\btooom\btooom\Debug\link.4884.read.1.tlog
D:\360data\重要数据\我的文档\Visual Studio 2010\Projects\btooom\btooom\Debug\link.4884.write.1.tlog
D:\360data\重要数据\我的文档\Visual Studio 2010\Projects\btooom\btooom\Debug\link.4884-cvtres.read.1.tlog
D:\360data\重要数据\我的文档\Visual Studio 2010\Projects\btooom\btooom\Debug\link.4884-cvtres.write.1.tlog
D:\360data\重要数据\我的文档\Visual Studio 2010\Projects\btooom\btooom\Debug\link.5056.read.1.tlog
D:\360data\重要数据\我的文档\Visual Studio 2010\Projects\btooom\btooom\Debug\link.5056.write.1.tlog
D:\360data\重要数据\我的文档\Visual Studio 2010\Projects\btooom\btooom\Debug\link.5056-cvtres.read.1.tlog
D:\360data\重要数据\我的文档\Visual Studio 2010\Projects\btooom\btooom\Debug\link.5056-cvtres.write.1.tlog
D:\360data\重要数据\我的文档\Visual Studio 2010\Projects\btooom\btooom\Debug\link.5120.read.1.tlog
D:\360data\重要数据\我的文档\Visual Studio 2010\Projects\btooom\btooom\Debug\link.5120.write.1.tlog
D:\360data\重要数据\我的文档\Visual Studio 2010\Projects\btooom\btooom\Debug\link.5120-cvtres.read.1.tlog
D:\360data\重要数据\我的文档\Visual Studio 2010\Projects\btooom\btooom\Debug\link.5120-cvtres.write.1.tlog
D:\360data\重要数据\我的文档\Visual Studio 2010\Projects\btooom\btooom\Debug\link.5304.read.1.tlog
D:\360data\重要数据\我的文档\Visual Studio 2010\Projects\btooom\btooom\Debug\link.5304.write.1.tlog
D:\360data\重要数据\我的文档\Visual Studio 2010\Projects\btooom\btooom\Debug\link.5304-cvtres.read.1.tlog
D:\360data\重要数据\我的文档\Visual Studio 2010\Projects\btooom\btooom\Debug\link.5304-cvtres.write.1.tlog
D:\360data\重要数据\我的文档\Visual Studio 2010\Projects\btooom\btooom\Debug\link.5532.read.1.tlog
D:\360data\重要数据\我的文档\Visual Studio 2010\Projects\btooom\btooom\Debug\link.5532.write.1.tlog
D:\360data\重要数据\我的文档\Visual Studio 2010\Projects\btooom\btooom\Debug\link.5532-cvtres.read.1.tlog
D:\360data\重要数据\我的文档\Visual Studio 2010\Projects\btooom\btooom\Debug\link.5532-cvtres.write.1.tlog
D:\360data\重要数据\我的文档\Visual Studio 2010\Projects\btooom\btooom\Debug\link.5700.read.1.tlog
D:\360data\重要数据\我的文档\Visual Studio 2010\Projects\btooom\btooom\Debug\link.5700.write.1.tlog
D:\360data\重要数据\我的文档\Visual Studio 2010\Projects\btooom\btooom\Debug\link.5700-cvtres.read.1.tlog
D:\360data\重要数据\我的文档\Visual Studio 2010\Projects\btooom\btooom\Debug\link.5700-cvtres.write.1.tlog
D:\360data\重要数据\我的文档\Visual Studio 2010\Projects\btooom\btooom\Debug\link.6060.read.1.tlog
D:\360data\重要数据\我的文档\Visual Studio 2010\Projects\btooom\btooom\Debug\link.6060.write.1.tlog
D:\360data\重要数据\我的文档\Visual Studio 2010\Projects\btooom\btooom\Debug\link.6060-cvtres.read.1.tlog
D:\360data\重要数据\我的文档\Visual Studio 2010\Projects\btooom\btooom\Debug\link.6060-cvtres.write.1.tlog
D:\360data\重要数据\我的文档\Visual Studio 2010\Projects\btooom\btooom\Debug\link.6596.read.1.tlog
D:\360data\重要数据\我的文档\Visual Studio 2010\Projects\btooom\btooom\Debug\link.6596.write.1.tlog
D:\360data\重要数据\我的文档\Visual Studio 2010\Projects\btooom\btooom\Debug\link.6596-cvtres.read.1.tlog
D:\360data\重要数据\我的文档\Visual Studio 2010\Projects\btooom\btooom\Debug\link.6596-cvtres.write.1.tlog
D:\360data\重要数据\我的文档\Visual Studio 2010\Projects\btooom\btooom\Debug\link.7200.read.1.tlog
D:\360data\重要数据\我的文档\Visual Studio 2010\Projects\btooom\btooom\Debug\link.7200.write.1.tlog
D:\360data\重要数据\我的文档\Visual Studio 2010\Projects\btooom\btooom\Debug\link.7200-cvtres.read.1.tlog
D:\360data\重要数据\我的文档\Visual Studio 2010\Projects\btooom\btooom\Debug\link.7200-cvtres.write.1.tlog
D:\360data\重要数据\我的文档\Visual Studio 2010\Projects\btooom\btooom\Debug\link.7336.read.1.tlog
D:\360data\重要数据\我的文档\Visual Studio 2010\Projects\btooom\btooom\Debug\link.7336.write.1.tlog
D:\360data\重要数据\我的文档\Visual Studio 2010\Projects\btooom\btooom\Debug\link.7336-cvtres.read.1.tlog
D:\360data\重要数据\我的文档\Visual Studio 2010\Projects\btooom\btooom\Debug\link.7336-cvtres.write.1.tlog
D:\360data\重要数据\我的文档\Visual Studio 2010\Projects\btooom\btooom\Debug\link.7360.read.1.tlog
D:\360data\重要数据\我的文档\Visual Studio 2010\Projects\btooom\btooom\Debug\link.7360.write.1.tlog
D:\360data\重要数据\我的文档\Visual Studio 2010\Projects\btooom\btooom\Debug\link.7360-cvtres.read.1.tlog
D:\360data\重要数据\我的文档\Visual Studio 2010\Projects\btooom\btooom\Debug\link.7360-cvtres.write.1.tlog
D:\360data\重要数据\我的文档\Visual Studio 2010\Projects\btooom\btooom\Debug\link.7420.read.1.tlog
D:\360data\重要数据\我的文档\Visual Studio 2010\Projects\btooom\btooom\Debug\link.7420.write.1.tlog
D:\360data\重要数据\我的文档\Visual Studio 2010\Projects\btooom\btooom\Debug\link.7420-cvtres.read.1.tlog
D:\360data\重要数据\我的文档\Visual Studio 2010\Projects\btooom\btooom\Debug\link.7420-cvtres.write.1.tlog
D:\360data\重要数据\我的文档\Visual Studio 2010\Projects\btooom\btooom\Debug\link.7512.read.1.tlog
D:\360data\重要数据\我的文档\Visual Studio 2010\Projects\btooom\btooom\Debug\link.7512.write.1.tlog
D:\360data\重要数据\我的文档\Visual Studio 2010\Projects\btooom\btooom\Debug\link.7512-cvtres.read.1.tlog
D:\360data\重要数据\我的文档\Visual Studio 2010\Projects\btooom\btooom\Debug\link.7512-cvtres.write.1.tlog
D:\360data\重要数据\我的文档\Visual Studio 2010\Projects\btooom\btooom\Debug\link.7980.read.1.tlog
D:\360data\重要数据\我的文档\Visual Studio 2010\Projects\btooom\btooom\Debug\link.7980.write.1.tlog
D:\360data\重要数据\我的文档\Visual Studio 2010\Projects\btooom\btooom\Debug\link.7980-cvtres.read.1.tlog
D:\360data\重要数据\我的文档\Visual Studio 2010\Projects\btooom\btooom\Debug\link.7980-cvtres.write.1.tlog
D:\360data\重要数据\我的文档\Visual Studio 2010\Projects\btooom\btooom\Debug\link.8092.read.1.tlog
D:\360data\重要数据\我的文档\Visual Studio 2010\Projects\btooom\btooom\Debug\link.8092.write.1.tlog
D:\360data\重要数据\我的文档\Visual Studio 2010\Projects\btooom\btooom\Debug\link.8092-cvtres.read.1.tlog
D:\360data\重要数据\我的文档\Visual Studio 2010\Projects\btooom\btooom\Debug\link.8092-cvtres.write.1.tlog
D:\360data\重要数据\我的文档\Visual Studio 2010\Projects\btooom\btooom\Debug\link.8616.read.1.tlog
D:\360data\重要数据\我的文档\Visual Studio 2010\Projects\btooom\btooom\Debug\link.8616.write.1.tlog
D:\360data\重要数据\我的文档\Visual Studio 2010\Projects\btooom\btooom\Debug\link.8616-cvtres.read.1.tlog
D:\360data\重要数据\我的文档\Visual Studio 2010\Projects\btooom\btooom\Debug\link.8616-cvtres.write.1.tlog
D:\360data\重要数据\我的文档\Visual Studio 2010\Projects\btooom\btooom\Debug\link.9512.read.1.tlog
D:\360data\重要数据\我的文档\Visual Studio 2010\Projects\btooom\btooom\Debug\link.9512.write.1.tlog
D:\360data\重要数据\我的文档\Visual Studio 2010\Projects\btooom\btooom\Debug\link.9512-cvtres.read.1.tlog
D:\360data\重要数据\我的文档\Visual Studio 2010\Projects\btooom\btooom\Debug\link.9512-cvtres.write.1.tlog
D:\360data\重要数据\我的文档\Visual Studio 2010\Projects\btooom\btooom\Debug\link.command.1.tlog
D:\360data\重要数据\我的文档\Visual Studio 2010\Projects\btooom\btooom\Debug\link.read.1.tlog
D:\360data\重要数据\我的文档\Visual Studio 2010\Projects\btooom\btooom\Debug\link.write.1.tlog
D:\360data\重要数据\我的文档\Visual Studio 2010\Projects\btooom\btooom\Debug\link-cvtres.read.1.tlog
D:\360data\重要数据\我的文档\Visual Studio 2010\Projects\btooom\btooom\Debug\link-cvtres.write.1.tlog
D:\360DATA\重要数据\我的文档\VISUAL STUDIO 2010\PROJECTS\BTOOOM\BTOOOM\DEBUG\MAIN.OBJ
D:\360data\重要数据\我的文档\Visual Studio 2010\Projects\btooom\btooom\Debug\mt.command.1.tlog
D:\360data\重要数据\我的文档\Visual Studio 2010\Projects\btooom\btooom\Debug\mt.read.1.tlog
D:\360data\重要数据\我的文档\Visual Studio 2010\Projects\btooom\btooom\Debug\mt.write.1.tlog
D:\360data\重要数据\我的文档\Visual Studio 2010\Projects\btooom\btooom\Debug\rc.command.1.tlog
D:\360data\重要数据\我的文档\Visual Studio 2010\Projects\btooom\btooom\Debug\rc.read.1.tlog
D:\360data\重要数据\我的文档\Visual Studio 2010\Projects\btooom\btooom\Debug\rc.write.1.tlog
D:\360data\重要数据\我的文档\Visual Studio 2010\Projects\btooom\btooom\Debug\vc100.idb
D:\360DATA\重要数据\我的文档\VISUAL STUDIO 2010\PROJECTS\BTOOOM\BTOOOM\DEBUG\VC100.PDB
D:\360DATA\重要数据\我的文档\VISUAL STUDIO 2010\PROJECTS\BTOOOM\BTOOOM\DEBUG\WALL.OBJ
D:\360DATA\重要数据\我的文档\VISUAL STUDIO 2010\PROJECTS\BTOOOM\BTOOOM\DEBUG\WALLDE.OBJ
D:\360DATA\重要数据\我的文档\VISUAL STUDIO 2010\PROJECTS\BTOOOM\BTOOOM\DEBUG\WALLMANAGER.OBJ
D:\360DATA\重要数据\我的文档\VISUAL STUDIO 2010\PROJECTS\BTOOOM\DEBUG\BTOOOM.EXE
D:\360DATA\重要数据\我的文档\VISUAL STUDIO 2010\PROJECTS\BTOOOM\DEBUG\BTOOOM.ILK
D:\360DATA\重要数据\我的文档\VISUAL STUDIO 2010\PROJECTS\BTOOOM\DEBUG\BTOOOM.PDB
